Arguments: 
  /Users/adamberman/.nvm/versions/node/v16.1.0/bin/node /usr/local/Cellar/yarn/1.22.17_2/libexec/bin/yarn.js add lodash.zipobjectsdeep@4.6.1

PATH: 
  /Users/adamberman/.opam/4.12.0/bin:/usr/local/opt/openssl@1.1/bin:/Users/adamberman/.poetry/bin:/Users/adamberman/.asdf/shims:/Users/adamberman/.asdf/bin:/Users/adamberman/.nvm/versions/node/v16.1.0/bin:/usr/local/bin:/usr/bin:/bin:/usr/sbin:/sbin:/usr/local/sbin:/Library/TeX/texbin:/usr/local/go/bin:/usr/local/munki:/opt/X11/bin:/Users/adamberman/Library/Python/3.9/bin:/Users/adamberman/.asdf/installs/python/3.9.2/bin/:/Users/adamberman/.local/bin

Yarn version: 
  1.22.17

Node version: 
  16.1.0

Platform: 
  darwin x64

Trace: 
  Error: https://registry.yarnpkg.com/lodash.zipobjectsdeep: Not found
      at Request.params.callback [as _callback] (/usr/local/Cellar/yarn/1.22.17_2/libexec/lib/cli.js:67029:18)
      at Request.self.callback (/usr/local/Cellar/yarn/1.22.17_2/libexec/lib/cli.js:140883:22)
      at Request.emit (node:events:365:28)
      at Request.<anonymous> (/usr/local/Cellar/yarn/1.22.17_2/libexec/lib/cli.js:141855:10)
      at Request.emit (node:events:365:28)
      at IncomingMessage.<anonymous> (/usr/local/Cellar/yarn/1.22.17_2/libexec/lib/cli.js:141777:12)
      at Object.onceWrapper (node:events:471:28)
      at IncomingMessage.emit (node:events:377:35)
      at endReadableNT (node:internal/streams/readable:1312:12)
      at processTicksAndRejections (node:internal/process/task_queues:83:21)

npm manifest: 
  {
    "name": "sca-demo-app",
    "version": "1.0.0",
    "main": "index.js",
    "license": "MIT",
    "type": "module",
    "scripts": {
      "start": "node index.js"
    },
    "dependencies": {
      "chalk": "^5.0.1",
      "lodash.merge": "4.6.1",
      "lodash.mergewith": "4.6.1"
    }
  }

yarn manifest: 
  No manifest

Lockfile: 
  # THIS IS AN AUTOGENERATED FILE. DO NOT EDIT THIS FILE DIRECTLY.
  # yarn lockfile v1
  
  
  chalk@^5.0.1:
    version "5.0.1"
    resolved "https://registry.yarnpkg.com/chalk/-/chalk-5.0.1.tgz#ca57d71e82bb534a296df63bbacc4a1c22b2a4b6"
    integrity sha512-Fo07WOYGqMfCWHOzSXOt2CxDbC6skS/jO9ynEcmpANMoPrD+W1r1K6Vx7iNm+AQmETU1Xr2t+n8nzkV9t6xh3w==
  
  lodash.merge@4.6.1:
    version "4.6.1"
    resolved "https://registry.yarnpkg.com/lodash.merge/-/lodash.merge-4.6.1.tgz#adc25d9cb99b9391c59624f379fbba60d7111d54"
    integrity sha512-AOYza4+Hf5z1/0Hztxpm2/xiPZgi/cjMqdnKTUWTBSKchJlxXXuUSxCCl8rJlf4g6yww/j6mA8nC8Hw/EZWxKQ==
  
  lodash.mergewith@4.6.1:
    version "4.6.1"
    resolved "https://registry.yarnpkg.com/lodash.mergewith/-/lodash.mergewith-4.6.1.tgz#639057e726c3afbdb3e7d42741caa8d6e4335927"
    integrity sha512-eWw5r+PYICtEBgrBE5hhlT6aAa75f411bgDz/ZL2KZqYV03USvucsxcHUIlGTDTECs1eunpI7HOV7U+WLDvNdQ==
